Build started 9/25/2015 4:18:06 PM.
     1>Project "C:\Users\C3\Dev\shadowMapTests\shadowMapTests\shadowMapTests.vcxproj" on node 2 (Build target(s)).
     1>ClCompile:
         C:\Program Files (x86)\Microsoft Visual Studio 12.0\VC\bin\CL.exe /c /I"C:\Users\C3\Dev\shadowMapTests\libs\glew-1.13.0\include" /IC:\Users\C3\Dev\shadowMapTests\libs\glm /IC:\Users\C3\Dev\shadowMapTests\libs\glfw3\include /ZI /nologo /W3 /WX- /sdl /Od /Oy- /D _MBCS /Gm /EHsc /RTC1 /MDd /GS /fp:precise /Zc:wchar_t /Zc:forScope /Fo"Debug\\" /Fd"Debug\vc120.pdb" /Gd /TP /analyze- /errorReport:prompt main.cpp
         main.cpp
     1>c:\users\c3\dev\shadowmaptests\shadowmaptests\main.cpp(96): warning C4244: 'initializing' : conversion from 'std::streamoff' to 'unsigned long', possible loss of data
     1>c:\users\c3\dev\shadowmaptests\shadowmaptests\main.cpp(98): warning C4244: 'initializing' : conversion from 'std::streamoff' to 'unsigned long', possible loss of data
     1>c:\users\c3\dev\shadowmaptests\shadowmaptests\main.cpp(110): error C2440: '=' : cannot convert from 'unsigned long' to 'unsigned long *'
                 Conversion from integral type to pointer type requires reinterpret_cast, C-style cast or function-style cast
     1>c:\users\c3\dev\shadowmaptests\shadowmaptests\main.cpp(114): error C2440: 'initializing' : cannot convert from 'unsigned long *' to 'unsigned int'
                 There is no context in which this conversion is possible
     1>c:\users\c3\dev\shadowmaptests\shadowmaptests\main.cpp(114): error C2440: '=' : cannot convert from 'GLubyte *' to 'GLchar *'
                 Types pointed to are unrelated; conversion requires reinterpret_cast, C-style cast or function-style cast
     1>c:\users\c3\dev\shadowmaptests\shadowmaptests\main.cpp(119): error C2107: illegal index, indirection not allowed
     1>Done Building Project "C:\Users\C3\Dev\shadowMapTests\shadowMapTests\shadowMapTests.vcxproj" (Build target(s)) -- FAILED.

Build FAILED.

Time Elapsed 00:00:00.43
